commit 0bb868f77e5d1f394e660a62dd1adca902cfe779
Author: gidiyan <gidiyan@gmail.com>
Date:   Tue Mar 29 20:31:46 2022 +0300

    Update README with info about db1000n from their repository

commit b0a9979204daf985f780cafec7534939c5e288fe
Author: gidiyan <gidiyan@gmail.com>
Date:   Tue Mar 29 20:28:29 2022 +0300

    Add proxy usage condition


commit a1ce116661f3f8bdd5d83c897a7a66292b1235e7
Author: gidiyan <gidiyan@gmail.com>
Date:   Tue Mar 29 19:59:20 2022 +0300

    Change script name

commit 9faeb005b16c638294175265cb64c78715bc7591
Author: gidiyan <gidiyan@gmail.com>
Date:   Tue Mar 29 19:43:58 2022 +0300

    Add script

commit 9d6fbde1fb5cfae327c263b5d36efaf1be3a42a7
Author: gidiyan <70430920+gidiyan@users.noreply.github.com>
Date:   Tue Mar 29 16:34:29 2022 +0000

    Initial commit
